[2025-02-15 10:37:29] [DEBUG] Rendering template: front/home.html.twig
[2025-02-15 10:37:51] [DEBUG] Rendering template: front/auth.twig
[2025-02-15 10:38:07] [INFO] Dashboard index accessed
[2025-02-15 10:38:07] [INFO] Organiser dashboard accessed
[2025-02-15 10:38:07] [DEBUG] Rendering template: /front/organiser/dashboard.twig
[2025-02-15 10:38:12] [DEBUG] Rendering template: front/organiser/tickets.html.twig
[2025-02-15 10:38:20] [DEBUG] Rendering template: front/organiser/dashboard.twig
[2025-02-15 10:38:25] [DEBUG] Rendering template: front/organiser/dashboard.twig
[2025-02-15 10:38:36] [DEBUG] Rendering template: front/event/event-list.html.twig
[2025-02-15 10:39:11] [DEBUG] Rendering template: front/home.html.twig
[2025-02-15 10:39:19] [DEBUG] Rendering template: front/auth.twig
[2025-02-15 10:39:35] [INFO] Dashboard index accessed
[2025-02-15 10:39:35] [INFO] Admin dashboard accessed
[2025-02-15 10:39:35] [INFO] Fetching stats for dashboard
[2025-02-15 10:39:35] [INFO] Fetching pending actions for dashboard
[2025-02-15 10:39:35] [INFO] Fetching recent activities for dashboard
[2025-02-15 10:39:35] [DEBUG] Rendering template: /back/index.html.twig
[2025-02-15 10:39:45] [INFO] Exporting data to PDF
[2025-02-15 10:39:49] [INFO] Dashboard index accessed
[2025-02-15 10:39:49] [INFO] Admin dashboard accessed
[2025-02-15 10:39:49] [INFO] Fetching stats for dashboard
[2025-02-15 10:39:49] [INFO] Fetching pending actions for dashboard
[2025-02-15 10:39:49] [INFO] Fetching recent activities for dashboard
[2025-02-15 10:39:49] [DEBUG] Rendering template: /back/index.html.twig
[2025-02-15 10:39:50] [INFO] Fetching all users
[2025-02-15 10:39:50] [DEBUG] Rendering template: back/users.html.twig
[2025-02-15 10:39:52] [INFO] Dashboard index accessed
[2025-02-15 10:39:52] [INFO] Admin dashboard accessed
[2025-02-15 10:39:52] [INFO] Fetching stats for dashboard
[2025-02-15 10:39:52] [INFO] Fetching pending actions for dashboard
[2025-02-15 10:39:52] [INFO] Fetching recent activities for dashboard
[2025-02-15 10:39:52] [DEBUG] Rendering template: /back/index.html.twig
[2025-02-15 10:41:37] [INFO] Dashboard index accessed
[2025-02-15 10:41:37] [INFO] Admin dashboard accessed
[2025-02-15 10:41:37] [INFO] Fetching stats for dashboard
[2025-02-15 10:41:37] [INFO] Fetching pending actions for dashboard
[2025-02-15 10:41:37] [INFO] Fetching recent activities for dashboard
[2025-02-15 10:41:37] [DEBUG] Rendering template: /back/index.html.twig
[2025-02-15 10:41:40] [INFO] Exporting data to PDF
[2025-02-15 10:41:43] [INFO] Exporting data to csv
[2025-02-15 10:41:58] [INFO] Exporting data to csv
[2025-02-15 10:42:17] [INFO] Fetching all users
[2025-02-15 10:42:17] [DEBUG] Rendering template: back/users.html.twig
[2025-02-15 10:42:28] [INFO] Fetching all events
[2025-02-15 10:42:28] [DEBUG] Rendering template: back/events.html.twig
[2025-02-15 10:42:34] [INFO] Updating event status: 29 to 2
[2025-02-15 10:42:34] [INFO] Fetching all events
[2025-02-15 10:42:34] [DEBUG] Rendering template: back/events.html.twig
[2025-02-15 10:42:37] [INFO] Updating event status: 29 to 1
[2025-02-15 10:42:37] [INFO] Fetching all events
[2025-02-15 10:42:37] [DEBUG] Rendering template: back/events.html.twig
[2025-02-15 10:42:39] [INFO] Dashboard index accessed
[2025-02-15 10:42:39] [INFO] Admin dashboard accessed
[2025-02-15 10:42:39] [INFO] Fetching stats for dashboard
[2025-02-15 10:42:39] [INFO] Fetching pending actions for dashboard
[2025-02-15 10:42:39] [INFO] Fetching recent activities for dashboard
[2025-02-15 10:42:39] [DEBUG] Rendering template: /back/index.html.twig
[2025-02-15 10:42:45] [INFO] Fetching all users
[2025-02-15 10:42:45] [DEBUG] Rendering template: back/users.html.twig
[2025-02-15 10:42:49] [INFO] Fetching all events
[2025-02-15 10:42:49] [DEBUG] Rendering template: back/events.html.twig
[2025-02-15 10:42:50] [INFO] Fetching all users
[2025-02-15 10:42:50] [DEBUG] Rendering template: back/users.html.twig
[2025-02-15 10:42:53] [INFO] Updating user status: 12 to 1
[2025-02-15 10:42:53] [INFO] Fetching all users
[2025-02-15 10:42:53] [DEBUG] Rendering template: back/users.html.twig
[2025-02-15 10:42:56] [INFO] Dashboard index accessed
[2025-02-15 10:42:56] [INFO] Admin dashboard accessed
[2025-02-15 10:42:56] [INFO] Fetching stats for dashboard
[2025-02-15 10:42:56] [INFO] Fetching pending actions for dashboard
[2025-02-15 10:42:56] [INFO] Fetching recent activities for dashboard
[2025-02-15 10:42:56] [DEBUG] Rendering template: /back/index.html.twig
[2025-02-15 10:43:07] [INFO] Fetching all users
[2025-02-15 10:43:07] [DEBUG] Rendering template: back/users.html.twig
[2025-02-15 10:43:11] [INFO] Updating user status: 12 to 0
[2025-02-15 10:43:11] [INFO] Fetching all users
[2025-02-15 10:43:11] [DEBUG] Rendering template: back/users.html.twig
[2025-02-15 10:43:14] [INFO] Fetching all events
[2025-02-15 10:43:14] [DEBUG] Rendering template: back/events.html.twig
[2025-02-15 10:43:18] [INFO] Fetching all categories and tags
[2025-02-15 10:43:18] [DEBUG] Rendering template: back/categoryTag.html.twig
[2025-02-15 10:43:21] [INFO] Fetching all categories and tags
[2025-02-15 10:43:21] [DEBUG] Rendering template: back/categoryTag.html.twig
[2025-02-15 10:44:14] [INFO] Attempting to add category: movies
[2025-02-15 10:44:41] [INFO] Attempting to add category: movies
[2025-02-15 10:44:48] [INFO] Attempting to add category: Lacota Lowery
[2025-02-15 10:44:57] [INFO] Attempting to add tag: new tag
[2025-02-15 10:45:22] [INFO] Attempting to add category: Lacota Lowery
[2025-02-15 10:45:22] [INFO] Fetching all categories and tags
[2025-02-15 10:45:22] [DEBUG] Rendering template: back/categoryTag.html.twig
[2025-02-15 10:45:30] [INFO] Attempting to add category: Levi Blake
[2025-02-15 10:45:30] [INFO] Fetching all categories and tags
[2025-02-15 10:45:30] [DEBUG] Rendering template: back/categoryTag.html.twig
[2025-02-15 10:45:44] [INFO] Attempting to add category: Mira Mueller
[2025-02-15 10:45:44] [INFO] Fetching all categories and tags
[2025-02-15 10:45:44] [DEBUG] Rendering template: back/categoryTag.html.twig
[2025-02-15 10:45:47] [INFO] Attempting to delete category with ID: 5
[2025-02-15 10:45:47] [INFO] Fetching all categories and tags
[2025-02-15 10:45:47] [DEBUG] Rendering template: back/categoryTag.html.twig
[2025-02-15 10:45:49] [INFO] Attempting to delete category with ID: 4
[2025-02-15 10:45:49] [INFO] Fetching all categories and tags
[2025-02-15 10:45:49] [DEBUG] Rendering template: back/categoryTag.html.twig
[2025-02-15 10:45:54] [INFO] Attempting to add tag: Noah Joyce
[2025-02-15 10:47:48] [DEBUG] Rendering template: front/home.html.twig
[2025-02-15 10:49:54] [DEBUG] Rendering template: front/home.html.twig
[2025-02-15 10:49:56] [DEBUG] Rendering template: front/auth.twig
[2025-02-15 10:50:13] [INFO] Dashboard index accessed
[2025-02-15 10:50:13] [INFO] Admin dashboard accessed
[2025-02-15 10:50:13] [INFO] Fetching stats for dashboard
[2025-02-15 10:50:13] [INFO] Fetching pending actions for dashboard
[2025-02-15 10:50:13] [INFO] Fetching recent activities for dashboard
[2025-02-15 10:50:13] [DEBUG] Rendering template: /back/index.html.twig
[2025-02-15 10:50:21] [DEBUG] Rendering template: front/home.html.twig
[2025-02-15 10:50:23] [DEBUG] Rendering template: front/auth.twig
[2025-02-15 10:50:34] [INFO] Dashboard index accessed
[2025-02-15 10:50:34] [INFO] Organiser dashboard accessed
[2025-02-15 10:50:34] [DEBUG] Rendering template: /front/organiser/dashboard.twig
[2025-02-15 10:50:46] [DEBUG] Rendering template: front/organiser/tickets.html.twig
[2025-02-15 10:51:05] [DEBUG] Rendering template: front/home.html.twig
[2025-02-15 10:51:11] [INFO] Dashboard index accessed
[2025-02-15 10:51:11] [INFO] Organiser dashboard accessed
[2025-02-15 10:51:11] [DEBUG] Rendering template: /front/organiser/dashboard.twig
[2025-02-15 10:55:11] [DEBUG] Rendering template: front/organiser/tickets.html.twig
[2025-02-15 10:55:42] [DEBUG] Rendering template: front/organiser/dashboard.twig
[2025-02-15 10:55:47] [DEBUG] Rendering template: front/home.html.twig
[2025-02-15 10:56:23] [DEBUG] Rendering template: front/auth.twig
[2025-02-15 10:56:36] [INFO] Dashboard index accessed
[2025-02-15 10:56:36] [INFO] Organiser dashboard accessed
[2025-02-15 10:56:36] [DEBUG] Rendering template: front/organiser/dashboard.twig
[2025-02-15 10:56:41] [DEBUG] Rendering template: front/organiser/tickets.html.twig
[2025-02-15 10:56:57] [DEBUG] Rendering template: front/organiser/tickets.html.twig
[2025-02-15 10:56:58] [DEBUG] Rendering template: front/organiser/tickets.html.twig
[2025-02-15 10:56:58] [DEBUG] Rendering template: front/organiser/tickets.html.twig
[2025-02-15 10:56:59] [DEBUG] Rendering template: front/organiser/tickets.html.twig
[2025-02-15 10:57:00] [DEBUG] Rendering template: front/organiser/tickets.html.twig
[2025-02-15 10:57:00] [DEBUG] Rendering template: front/organiser/tickets.html.twig
[2025-02-15 10:57:42] [DEBUG] Rendering template: front/organiser/tickets.html.twig
[2025-02-15 10:57:44] [DEBUG] Rendering template: front/organiser/dashboard.twig
[2025-02-15 10:57:46] [DEBUG] Rendering template: front/organiser/tickets.html.twig
[2025-02-15 10:57:47] [DEBUG] Rendering template: front/organiser/dashboard.twig
[2025-02-15 10:57:48] [DEBUG] Rendering template: front/organiser/tickets.html.twig
[2025-02-15 10:57:50] [DEBUG] Rendering template: front/organiser/dashboard.twig
[2025-02-15 10:57:52] [DEBUG] Rendering template: front/organiser/tickets.html.twig
[2025-02-15 10:58:00] [DEBUG] Rendering template: front/organiser/dashboard.twig
[2025-02-15 10:58:01] [DEBUG] Rendering template: front/organiser/createEvent.html.twig
[2025-02-15 10:58:54] [DEBUG] Rendering template: front/organiser/dashboard.twig
[2025-02-15 10:58:56] [DEBUG] Rendering template: front/organiser/dashboard.twig
[2025-02-15 10:58:56] [DEBUG] Rendering template: front/organiser/dashboard.twig
[2025-02-15 10:58:56] [DEBUG] Rendering template: front/organiser/dashboard.twig
[2025-02-15 10:58:57] [DEBUG] Rendering template: front/organiser/dashboard.twig
[2025-02-15 10:58:57] [DEBUG] Rendering template: front/organiser/tickets.html.twig
[2025-02-15 10:59:31] [DEBUG] Rendering template: front/organiser/tickets.html.twig
[2025-02-15 10:59:32] [DEBUG] Rendering template: front/organiser/dashboard.twig
[2025-02-15 10:59:34] [DEBUG] Rendering template: front/organiser/tickets.html.twig
[2025-02-15 10:59:59] [DEBUG] Rendering template: front/organiser/tickets.html.twig
[2025-02-15 10:59:59] [DEBUG] Rendering template: front/organiser/tickets.html.twig
[2025-02-15 11:00:00] [DEBUG] Rendering template: front/organiser/tickets.html.twig
[2025-02-15 11:00:00] [DEBUG] Rendering template: front/organiser/tickets.html.twig
[2025-02-15 11:00:00] [DEBUG] Rendering template: front/organiser/tickets.html.twig
[2025-02-15 11:00:00] [DEBUG] Rendering template: front/organiser/tickets.html.twig
[2025-02-15 11:00:01] [DEBUG] Rendering template: front/organiser/dashboard.twig
[2025-02-15 11:00:02] [DEBUG] Rendering template: front/organiser/tickets.html.twig
[2025-02-15 11:00:04] [DEBUG] Rendering template: front/organiser/createEvent.html.twig
[2025-02-15 11:00:45] [DEBUG] Rendering template: front/organiser/dashboard.twig
[2025-02-15 11:00:58] [DEBUG] Rendering template: front/organiser/tickets.html.twig
[2025-02-15 11:01:03] [DEBUG] Rendering template: front/organiser/dashboard.twig
[2025-02-15 11:01:14] [DEBUG] Rendering template: front/organiser/tickets.html.twig
[2025-02-15 11:24:35] [DEBUG] Rendering template: front/organiser/tickets.html.twig
[2025-02-15 11:24:36] [DEBUG] Rendering template: front/organiser/tickets.html.twig
[2025-02-15 11:24:36] [DEBUG] Rendering template: front/organiser/tickets.html.twig
[2025-02-15 11:24:37] [DEBUG] Rendering template: front/organiser/tickets.html.twig
[2025-02-15 11:24:37] [DEBUG] Rendering template: front/organiser/tickets.html.twig
[2025-02-15 11:24:38] [DEBUG] Rendering template: front/organiser/dashboard.twig
[2025-02-15 11:28:03] [DEBUG] Rendering template: front/organiser/dashboard.twig
[2025-02-15 11:28:03] [DEBUG] Rendering template: front/organiser/dashboard.twig
[2025-02-15 11:28:03] [DEBUG] Rendering template: front/organiser/dashboard.twig
[2025-02-15 11:28:04] [DEBUG] Rendering template: front/organiser/dashboard.twig
[2025-02-15 11:28:04] [DEBUG] Rendering template: front/organiser/dashboard.twig
[2025-02-15 11:28:08] [DEBUG] Rendering template: front/home.html.twig
[2025-02-15 11:30:01] [DEBUG] Rendering template: front/event/event-list.html.twig
[2025-02-15 11:30:03] [DEBUG] Rendering template: front/event/event-detail.html.twig
[2025-02-15 11:30:38] [DEBUG] Rendering template: front/event/event-detail.html.twig
[2025-02-15 11:30:39] [DEBUG] Rendering template: front/event/event-list.html.twig
[2025-02-15 11:30:42] [DEBUG] Rendering template: front/home.html.twig
[2025-02-15 11:30:59] [DEBUG] Rendering template: front/event/event-list.html.twig
[2025-02-15 11:31:13] [DEBUG] Rendering template: front/event/event-detail.html.twig
[2025-02-15 11:31:32] [DEBUG] Rendering template: front/event/event-list.html.twig
[2025-02-15 11:31:35] [DEBUG] Rendering template: front/event/event-detail.html.twig
[2025-02-15 12:00:52] [DEBUG] Rendering template: front/home.html.twig
[2025-02-15 12:00:56] [DEBUG] Rendering template: front/auth.twig
[2025-02-15 12:01:13] [INFO] Dashboard index accessed
[2025-02-15 12:01:13] [DEBUG] Not enough events found for user dashboard.
[2025-02-15 12:01:13] [DEBUG] Rendering template: /front/profile.html.twig
[2025-02-15 12:03:07] [INFO] Dashboard index accessed
[2025-02-15 12:03:07] [DEBUG] Not enough events found for user dashboard.
[2025-02-15 12:03:07] [DEBUG] Rendering template: /front/profile.html.twig
[2025-02-15 12:03:27] [DEBUG] Rendering template: front/event/event-list.html.twig
[2025-02-15 12:03:29] [DEBUG] Rendering template: front/event/event-detail.html.twig
[2025-02-15 12:55:25] [DEBUG] Rendering template: /back/404.html.twig
[2025-02-15 12:55:27] [DEBUG] Rendering template: /back/404.html.twig
[2025-02-15 12:55:27] [DEBUG] Rendering template: /back/404.html.twig
[2025-02-15 12:55:28] [DEBUG] Rendering template: /back/404.html.twig
[2025-02-15 13:48:24] [DEBUG] Rendering template: /back/404.html.twig
[2025-02-15 13:48:29] [DEBUG] Rendering template: front/auth.twig
[2025-02-15 13:48:32] [INFO] Dashboard index accessed
[2025-02-15 13:48:32] [DEBUG] Not enough events found for user dashboard.
[2025-02-15 13:48:32] [DEBUG] Rendering template: /front/profile.html.twig
[2025-02-15 13:48:35] [DEBUG] Rendering template: front/event/event-list.html.twig
[2025-02-15 13:48:38] [DEBUG] Rendering template: front/event/event-detail.html.twig
[2025-02-15 13:48:41] [DEBUG] Rendering template: front/event/event-detail.html.twig
[2025-02-15 14:08:39] [DEBUG] Rendering template: front/event/event-detail.html.twig
