[2025-02-16T14:10:11.141748+00:00] google_oauth.DEBUG: Rendering template: front/auth.twig [] []
[2025-02-16T14:11:05.993456+00:00] google_oauth.DEBUG: Rendering template: front/auth.twig [] []
[2025-02-16T14:14:54.801729+00:00] google_oauth.DEBUG: Rendering template: front/auth.twig [] []
[2025-02-16T14:15:02.396425+00:00] google_oauth.INFO: Service Call {"service":"oauth2","resource":"userinfo","method":"get","arguments":[]} []
[2025-02-16T14:15:02.629492+00:00] google_oauth.INFO: Processing Google User {"google_id":"106023101652887348700","email":"jhonedol630@gmail.com","name":"Jhone Dol"} []
[2025-02-16T14:25:57.133374+00:00] google_oauth.DEBUG: Rendering template: front/auth.twig [] []
[2025-02-16T14:26:09.329966+00:00] google_oauth.INFO: Service Call {"service":"oauth2","resource":"userinfo","method":"get","arguments":[]} []
[2025-02-16T14:26:09.534387+00:00] google_oauth.INFO: Processing Google User {"google_id":"110241040810351366375","email":"elbarryanwar37@gmail.com","name":"el barry anouar"} []
[2025-02-16T14:26:10.066651+00:00] google_oauth.INFO: Attempting to create new Google user {"email":"elbarryanwar37@gmail.com","username":"elbarryanouar","password":"19635cc94a48f1f922b24d9c7218e7cd","avatar":"https://lh3.googleusercontent.com/a/ACg8ocJQbkVXtnrjnpM6vega8t6TV20jMgzfhEVlB01g9dOPd904giM=s96-c","google_id":"110241040810351366375","is_google":true,"role":2,"role_id":2} []
[2025-02-16T14:29:55.265687+00:00] google_oauth.DEBUG: Rendering template: front/auth.twig [] []
[2025-02-16T14:31:54.088077+00:00] google_oauth.DEBUG: Rendering template: front/auth.twig [] []
[2025-02-16T14:37:08.896783+00:00] google_oauth.DEBUG: Rendering template: front/auth.twig [] []
[2025-02-16T14:40:45.210593+00:00] google_oauth.DEBUG: Rendering template: front/auth.twig [] []
[2025-02-16T14:46:17.682239+00:00] google_oauth.DEBUG: Rendering template: front/auth.twig [] []
[2025-02-16T14:52:10.901218+00:00] google_oauth.DEBUG: Rendering template: front/auth.twig [] []
[2025-02-16T14:52:21.376964+00:00] google_oauth.INFO: Service Call {"service":"oauth2","resource":"userinfo","method":"get","arguments":[]} []
[2025-02-16T14:52:21.599647+00:00] google_oauth.INFO: Processing Google User {"google_id":"103568536453481738489","email":"pipatoto509@gmail.com","name":"Pipa toto"} []
[2025-02-16T14:52:21.604312+00:00] google_oauth.INFO: Attempting to create new Google user {"email":"pipatoto509@gmail.com","username":"pipatoto","password":"ea7d29519b2e09470cdb9db3b8c7ab3d","avatar":"https://lh3.googleusercontent.com/a/ACg8ocIIUOQGx3tktYHyP5CYgCpUnI-Tg4ZJh5_CggoWxhHWN-N0jQ=s96-c","google_id":"103568536453481738489","is_google":true,"role":2,"role_id":2} []
[2025-02-16T15:09:24.434803+00:00] google_oauth.DEBUG: Rendering template: front/auth.twig [] []
[2025-02-16T15:09:31.610933+00:00] google_oauth.INFO: Service Call {"service":"oauth2","resource":"userinfo","method":"get","arguments":[]} []
[2025-02-16T15:09:32.082038+00:00] google_oauth.ERROR: Invalid Google User Data {"google_id":"106023101652887348700","email":"MISSING"} []
[2025-02-16T15:09:32.082245+00:00] google_oauth.ERROR: Google User Creation/Update Error {"message":"Google ID and email are required","trace":"#0 C:\\laragon\\www\\Espada-Eventbrite\\app\\controllers\\front\\AuthController.php(225): App\\controllers\\front\\AuthController->findOrCreateGoogleUser(Array)\n#1 C:\\laragon\\www\\Espada-Eventbrite\\app\\core\\Router.php(68): App\\controllers\\front\\AuthController->googleCallback(Array)\n#2 C:\\laragon\\www\\Espada-Eventbrite\\public\\index.php(16): App\\core\\Router->dispatch('GET', '/auth/google/ca...')\n#3 {main}","google_user":{"google_id":"106023101652887348700"}} []
[2025-02-16T20:38:16.316055+00:00] google_oauth.DEBUG: Rendering template: front/auth.twig [] []
[2025-02-16T20:39:20.378757+00:00] google_oauth.INFO: Service Call {"service":"oauth2","resource":"userinfo","method":"get","arguments":[]} []
[2025-02-16T20:39:20.814160+00:00] google_oauth.INFO: Processing Google User {"google_id":"103568536453481738489","email":"pipatoto509@gmail.com","name":"Pipa toto"} []
[2025-02-16T20:42:17.122592+00:00] google_oauth.DEBUG: Rendering template: front/auth.twig [] []
[2025-02-16T20:42:32.686900+00:00] google_oauth.INFO: Service Call {"service":"oauth2","resource":"userinfo","method":"get","arguments":[]} []
[2025-02-16T20:42:32.955095+00:00] google_oauth.INFO: Processing Google User {"google_id":"103568536453481738489","email":"pipatoto509@gmail.com","name":"Pipa toto"} []
